<?xml version="1.0" encoding="UTF-8"?>
<!-- Generated by org.testng.reporters.JUnitXMLReporter -->
<testsuite ignored="0" hostname="CFs-MacBook-Pro-68.local" failures="1" tests="1" name="Surefire test" time="0.101" errors="0" timestamp="2023-01-21T22:20:53 IST">
  <testcase classname="tests.TokensTest" name="getTokenTestOneParam" time="0.0">
    <failure type="org.testng.TestNGException" message="
Cannot inject @Test annotated Method [getTokenTestOneParam] with [class enums.TokenEnum].
For more information on native dependency injection please refer to https://testng.org/doc/documentation-main.html#native-dependency-injection">
      <![CDATA[org.testng.TestNGException: 
Cannot inject @Test annotated Method [getTokenTestOneParam] with [class enums.TokenEnum].
For more information on native dependency injection please refer to https://testng.org/doc/documentation-main.html#native-dependency-injection
at java.base/java.util.ArrayList.forEach(ArrayList.java:1541)
... Removed 31 stack frames]]>
    </failure>
  </testcase> <!-- getTokenTestOneParam -->
</testsuite> <!-- Surefire test -->
